SF:lib/screens/home/home_screen.dart
DA:9,1
DA:11,1
DA:12,1
DA:21,1
DA:23,1
DA:26,1
DA:27,1
DA:29,1
DA:30,1
DA:31,0
DA:65,1
DA:66,0
DA:71,1
DA:72,1
DA:84,0
DA:86,0
DA:88,0
DA:92,0
DA:95,0
DA:99,0
DA:100,0
DA:106,0
DA:108,0
DA:109,0
LF:24
LH:12
end_of_record
SF:lib/screens/home/components/body.dart
DA:9,1
DA:11,1
DA:13,2
DA:14,1
DA:15,1
DA:16,2
DA:17,1
DA:19,1
DA:22,1
DA:24,1
DA:25,1
DA:27,1
DA:28,1
DA:29,1
DA:33,1
DA:34,1
DA:35,1
DA:36,2
DA:43,1
DA:44,1
DA:45,5
DA:50,1
DA:55,1
DA:56,1
DA:57,1
DA:61,1
DA:63,1
DA:64,1
DA:66,5
DA:74,1
DA:75,1
DA:76,3
LF:32
LH:32
end_of_record
SF:lib/screens/home/components/bottom_actions.dart
DA:8,2
DA:10,1
DA:12,1
DA:15,1
DA:17,1
DA:18,1
DA:19,0
DA:20,0
DA:28,1
DA:29,1
DA:36,1
DA:37,1
DA:44,1
DA:45,1
DA:52,1
DA:53,0
DA:54,0
DA:67,1
DA:71,1
DA:75,1
LF:20
LH:16
end_of_record
SF:lib/screens/home/components/menu_drawer.dart
DA:5,1
DA:7,0
DA:9,1
DA:11,1
DA:14,1
DA:16,1
DA:20,1
DA:26,0
DA:31,0
DA:34,1
DA:40,0
DA:41,0
DA:44,1
DA:50,0
DA:51,0
DA:54,1
DA:60,0
DA:61,0
LF:18
LH:9
end_of_record
